<?xml version="1.0" encoding="utf-8"?><testsuites name="pytest tests"><testsuite name="pytest" errors="0" failures="25" skipped="10" tests="168" time="30.771" timestamp="2026-03-03T02:28:18.270189-05:00" hostname="bb0c857bb459"><testcase classname="regression.test_regression.TestPolicyService" name="test_list_policies" time="0.009" /><testcase classname="regression.test_regression.TestPolicyService" name="test_get_policy_by_id" time="0.005" /><testcase classname="regression.test_regression.TestPolicyService" name="test_update_policy_status" time="0.002" /><testcase classname="regression.test_regression.TestPolicyService" name="test_policy_not_found" time="0.002" /><testcase classname="regression.test_regression.TestPolicyService" name="test_create_policy_validation" time="0.002" /><testcase classname="regression.test_regression.TestPolicyService" name="test_policy_premium_is_positive" time="0.002" /><testcase classname="regression.test_regression.TestClaimsService" name="test_list_claims" time="0.002" /><testcase classname="regression.test_regression.TestClaimsService" name="test_get_claim_by_id" time="0.004" /><testcase classname="regression.test_regression.TestClaimsService" name="test_update_claim_status" time="0.002" /><testcase classname="regression.test_regression.TestClaimsService" name="test_claim_adjudication_workflow" time="0.005" /><testcase classname="regression.test_regression.TestClaimsService" name="test_claim_amount_validation" time="0.002" /><testcase classname="regression.test_regression.TestPaymentService" name="test_list_payments" time="0.002" /><testcase classname="regression.test_regression.TestPaymentService" name="test_process_payment" time="0.002" /><testcase classname="regression.test_regression.TestPaymentService" name="test_payment_idempotency" time="0.004" /><testcase classname="regression.test_regression.TestInsuranceRadar" name="test_fraud_score_endpoint" time="0.002"><failure message="AssertionError: assert 'decision' in {'assessedAt': '2026-03-03T07:28:18.367699', 'entityId': 'CLM-74890C4A', 'entityType': 'Claim', 'flags': [], ...}">E   AssertionError: assert 'decision' in {'assessedAt': '2026-03-03T07:28:18.367699', 'entityId': 'CLM-74890C4A', 'entityType': 'Claim', 'flags': [], ...}</failure></testcase><testcase classname="regression.test_regression.TestInsuranceRadar" name="test_fraud_analytics" time="0.002"><failure message="AssertionError: assert 'falsePositiveRate' in {'blockRate': 0.0028, 'blocked': 127, 'generatedAt': '2026-03-03T07:28:18.371528', 'suspicious': 89, ...}">E   AssertionError: assert 'falsePositiveRate' in {'blockRate': 0.0028, 'blocked': 127, 'generatedAt': '2026-03-03T07:28:18.371528', 'suspicious': 89, ...}</failure></testcase><testcase classname="regression.test_regression.TestInsuranceRadar" name="test_fraud_ring_detection" time="0.002"><failure message="assert 404 == 200&#10; +  where 404 = &lt;Response [404]&gt;.status_code">E   assert 404 == 200
     +  where 404 = &lt;Response [404]&gt;.status_code</failure></testcase><testcase classname="regression.test_regression.TestInsuranceRadar" name="test_fraud_score_high_risk_claim" time="0.002" /><testcase classname="regression.test_regression.TestUnderwriting" name="test_risk_assessment" time="0.002" /><testcase classname="regression.test_regression.TestUnderwriting" name="test_risk_score_range" time="0.002" /><testcase classname="regression.test_regression.TestUnderwriting" name="test_high_risk_applicant_premium_loading" time="0.004"><failure message="AssertionError: High-risk applicant should have higher premium&#10;assert 13800.0 &gt; 34500.0">E   AssertionError: High-risk applicant should have higher premium
    assert 13800.0 &gt; 34500.0</failure></testcase><testcase classname="regression.test_regression.TestReinsurance" name="test_cession_creation" time="0.002"><failure message="assert 404 in (200, 201)&#10; +  where 404 = &lt;Response [404]&gt;.status_code">E   assert 404 in (200, 201)
     +  where 404 = &lt;Response [404]&gt;.status_code</failure></testcase><testcase classname="regression.test_regression.TestReinsurance" name="test_bordereau_generation" time="0.002"><failure message="assert 404 in (200, 201, 202)&#10; +  where 404 = &lt;Response [404]&gt;.status_code">E   assert 404 in (200, 201, 202)
     +  where 404 = &lt;Response [404]&gt;.status_code</failure></testcase><testcase classname="regression.test_regression.TestReinsurance" name="test_reinsurance_accounting" time="0.002" /><testcase classname="regression.test_regression.TestOpenIMIS" name="test_sync_policies" time="0.002" /><testcase classname="regression.test_regression.TestOpenIMIS" name="test_sync_claims" time="0.002"><failure message="assert 404 in (200, 201, 202)&#10; +  where 404 = &lt;Response [404]&gt;.status_code">E   assert 404 in (200, 201, 202)
     +  where 404 = &lt;Response [404]&gt;.status_code</failure></testcase><testcase classname="regression.test_regression.TestOpenIMIS" name="test_actuarial_model_update" time="0.002"><failure message="assert 404 in (200, 201, 202)&#10; +  where 404 = &lt;Response [404]&gt;.status_code">E   assert 404 in (200, 201, 202)
     +  where 404 = &lt;Response [404]&gt;.status_code</failure></testcase><testcase classname="regression.test_regression.TestERPNext" name="test_sync_status" time="0.002"><failure message="assert 404 == 200&#10; +  where 404 = &lt;Response [404]&gt;.status_code">E   assert 404 == 200
     +  where 404 = &lt;Response [404]&gt;.status_code</failure></testcase><testcase classname="regression.test_regression.TestERPNext" name="test_trigger_sync" time="0.002" /><testcase classname="regression.test_regression.TestERPNext" name="test_reconciliation" time="0.002" /><testcase classname="regression.test_regression.TestPremiumRates" name="test_list_rate_tables" time="0.002" /><testcase classname="regression.test_regression.TestPremiumRates" name="test_list_risk_factors" time="0.002" /><testcase classname="regression.test_regression.TestPremiumRates" name="test_rate_change_audit_trail" time="0.002" /><testcase classname="regression.test_regression.TestBrokerAPI" name="test_list_api_keys" time="0.002" /><testcase classname="regression.test_regression.TestBrokerAPI" name="test_create_api_key" time="0.002" /><testcase classname="regression.test_regression.TestBrokerAPI" name="test_api_usage_metrics" time="0.002" /><testcase classname="regression.test_regression.TestTelcoCreditScoring" name="test_compute_credit_score" time="0.002" /><testcase classname="regression.test_regression.TestTelcoCreditScoring" name="test_credit_score_history" time="0.002"><failure message="assert 404 == 200&#10; +  where 404 = &lt;Response [404]&gt;.status_code">E   assert 404 == 200
     +  where 404 = &lt;Response [404]&gt;.status_code</failure></testcase><testcase classname="regression.test_regression.TestKnowledgeGraph" name="test_get_nodes" time="0.002"><failure message="assert 404 == 200&#10; +  where 404 = &lt;Response [404]&gt;.status_code">E   assert 404 == 200
     +  where 404 = &lt;Response [404]&gt;.status_code</failure></testcase><testcase classname="regression.test_regression.TestKnowledgeGraph" name="test_get_edges" time="0.002"><failure message="assert 404 == 200&#10; +  where 404 = &lt;Response [404]&gt;.status_code">E   assert 404 == 200
     +  where 404 = &lt;Response [404]&gt;.status_code</failure></testcase><testcase classname="regression.test_regression.TestKnowledgeGraph" name="test_fraud_network_graph" time="0.002"><failure message="assert 404 == 200&#10; +  where 404 = &lt;Response [404]&gt;.status_code">E   assert 404 == 200
     +  where 404 = &lt;Response [404]&gt;.status_code</failure></testcase><testcase classname="regression.test_regression.TestAuthAndAuthorization" name="test_unauthenticated_request_rejected" time="0.002" /><testcase classname="regression.test_regression.TestAuthAndAuthorization" name="test_invalid_token_rejected" time="0.002" /><testcase classname="regression.test_regression.TestAuthAndAuthorization" name="test_expired_token_rejected" time="0.002" /><testcase classname="regression.test_regression.TestAuthAndAuthorization" name="test_cross_tenant_isolation" time="0.002" /><testcase classname="regression.test_regression.TestHealthChecks" name="test_platform_health" time="0.002" /><testcase classname="regression.test_regression.TestHealthChecks" name="test_platform_readiness" time="0.002"><failure message="assert 401 == 200&#10; +  where 401 = &lt;Response [401]&gt;.status_code">E   assert 401 == 200
     +  where 401 = &lt;Response [401]&gt;.status_code</failure></testcase><testcase classname="regression.test_regression.TestHealthChecks" name="test_metrics_endpoint" time="0.002" /><testcase classname="regression.test_regression.TestHealthChecks" name="test_api_version" time="0.002"><failure message="assert 401 == 200&#10; +  where 401 = &lt;Response [401]&gt;.status_code">E   assert 401 == 200
     +  where 401 = &lt;Response [401]&gt;.status_code</failure></testcase><testcase classname="regression.test_regression.TestDataIntegrity" name="test_policy_claim_relationship" time="0.002" /><testcase classname="regression.test_regression.TestDataIntegrity" name="test_payment_policy_relationship" time="0.002" /><testcase classname="regression.test_regression.TestDataIntegrity" name="test_referral_uniqueness" time="0.003"><failure message="TypeError: string indices must be integers, not 'str'">E   TypeError: string indices must be integers, not 'str'</failure></testcase><testcase classname="integration.test_integration.TestKafkaIntegration" name="test_kafka_broker_connectivity" time="0.002"><skipped type="pytest.skip" message="kafka-python not installed">/home/ubuntu/platform_complete/unified-insurance-platform/tests/integration/test_integration.py:57: kafka-python not installed</skipped></testcase><testcase classname="integration.test_integration.TestKafkaIntegration" name="test_claim_event_published_to_kafka" time="0.000"><skipped type="pytest.skip" message="kafka-python not installed">/home/ubuntu/platform_complete/unified-insurance-platform/tests/integration/test_integration.py:97: kafka-python not installed</skipped></testcase><testcase classname="integration.test_integration.TestKafkaIntegration" name="test_kafka_topic_replication" time="0.001"><skipped type="pytest.skip" message="kafka-python not installed">/home/ubuntu/platform_complete/unified-insurance-platform/tests/integration/test_integration.py:116: kafka-python not installed</skipped></testcase><testcase classname="integration.test_integration.TestTemporalIntegration" name="test_temporal_frontend_reachable" time="0.001"><skipped type="pytest.skip" message="temporalio not installed">/home/ubuntu/platform_complete/unified-insurance-platform/tests/integration/test_integration.py:136: temporalio not installed</skipped></testcase><testcase classname="integration.test_integration.TestTemporalIntegration" name="test_cession_workflow_execution" time="0.000"><skipped type="pytest.skip" message="temporalio not installed">/home/ubuntu/platform_complete/unified-insurance-platform/tests/integration/test_integration.py:164: temporalio not installed</skipped></testcase><testcase classname="integration.test_integration.TestTemporalIntegration" name="test_payment_workflow_execution" time="0.002"><failure message="assert 404 in (200, 201, 202)&#10; +  where 404 = &lt;Response [404]&gt;.status_code">E   assert 404 in (200, 201, 202)
     +  where 404 = &lt;Response [404]&gt;.status_code</failure></testcase><testcase classname="integration.test_integration.TestDaprIntegration" name="test_dapr_sidecar_health" time="0.001"><failure message="requests.exceptions.ConnectionError: HTTPConnectionPool(host='localhost', port=3500): Max retries exceeded with url: /v1.0/healthz (Caused by NewConnectionError('&lt;urllib3.connection.HTTPConnection object at 0x7f58e0778110&gt;: Failed to establish a new connection: [Errno 111] Connection refused'))">E   ConnectionRefusedError: [Errno 111] Connection refused

The above exception was the direct cause of the following exception:
E   urllib3.exceptions.NewConnectionError: &lt;urllib3.connection.HTTPConnection object at 0x7f58e0778110&gt;: Failed to establish a new connection: [Errno 111] Connection refused

The above exception was the direct cause of the following exception:
E   urllib3.exceptions.MaxRetryError: HTTPConnectionPool(host='localhost', port=3500): Max retries exceeded with url: /v1.0/healthz (Caused by NewConnectionError('&lt;urllib3.connection.HTTPConnection object at 0x7f58e0778110&gt;: Failed to establish a new connection: [Errno 111] Connection refused'))

During handling of the above exception, another exception occurred:
E   requests.exceptions.ConnectionError: HTTPConnectionPool(host='localhost', port=3500): Max retries exceeded with url: /v1.0/healthz (Caused by NewConnectionError('&lt;urllib3.connection.HTTPConnection object at 0x7f58e0778110&gt;: Failed to establish a new connection: [Errno 111] Connection refused'))</failure></testcase><testcase classname="integration.test_integration.TestDaprIntegration" name="test_dapr_pubsub_publish" time="0.001"><failure message="requests.exceptions.ConnectionError: HTTPConnectionPool(host='localhost', port=3500): Max retries exceeded with url: /v1.0/publish/insurance-pubsub/claims (Caused by NewConnectionError('&lt;urllib3.connection.HTTPConnection object at 0x7f58e07db8d0&gt;: Failed to establish a new connection: [Errno 111] Connection refused'))">E   ConnectionRefusedError: [Errno 111] Connection refused

The above exception was the direct cause of the following exception:
E   urllib3.exceptions.NewConnectionError: &lt;urllib3.connection.HTTPConnection object at 0x7f58e07db8d0&gt;: Failed to establish a new connection: [Errno 111] Connection refused

The above exception was the direct cause of the following exception:
E   urllib3.exceptions.MaxRetryError: HTTPConnectionPool(host='localhost', port=3500): Max retries exceeded with url: /v1.0/publish/insurance-pubsub/claims (Caused by NewConnectionError('&lt;urllib3.connection.HTTPConnection object at 0x7f58e07db8d0&gt;: Failed to establish a new connection: [Errno 111] Connection refused'))

During handling of the above exception, another exception occurred:
E   requests.exceptions.ConnectionError: HTTPConnectionPool(host='localhost', port=3500): Max retries exceeded with url: /v1.0/publish/insurance-pubsub/claims (Caused by NewConnectionError('&lt;urllib3.connection.HTTPConnection object at 0x7f58e07db8d0&gt;: Failed to establish a new connection: [Errno 111] Connection refused'))</failure></testcase><testcase classname="integration.test_integration.TestDaprIntegration" name="test_dapr_service_invocation" time="0.002"><failure message="requests.exceptions.ConnectionError: HTTPConnectionPool(host='localhost', port=3500): Max retries exceeded with url: /v1.0/invoke/openimis-service/method/health (Caused by NewConnectionError('&lt;urllib3.connection.HTTPConnection object at 0x7f58e07e4290&gt;: Failed to establish a new connection: [Errno 111] Connection refused'))">E   ConnectionRefusedError: [Errno 111] Connection refused

The above exception was the direct cause of the following exception:
E   urllib3.exceptions.NewConnectionError: &lt;urllib3.connection.HTTPConnection object at 0x7f58e07e4290&gt;: Failed to establish a new connection: [Errno 111] Connection refused

The above exception was the direct cause of the following exception:
E   urllib3.exceptions.MaxRetryError: HTTPConnectionPool(host='localhost', port=3500): Max retries exceeded with url: /v1.0/invoke/openimis-service/method/health (Caused by NewConnectionError('&lt;urllib3.connection.HTTPConnection object at 0x7f58e07e4290&gt;: Failed to establish a new connection: [Errno 111] Connection refused'))

During handling of the above exception, another exception occurred:
E   requests.exceptions.ConnectionError: HTTPConnectionPool(host='localhost', port=3500): Max retries exceeded with url: /v1.0/invoke/openimis-service/method/health (Caused by NewConnectionError('&lt;urllib3.connection.HTTPConnection object at 0x7f58e07e4290&gt;: Failed to establish a new connection: [Errno 111] Connection refused'))</failure></testcase><testcase classname="integration.test_integration.TestDaprIntegration" name="test_dapr_state_store" time="0.001"><failure message="requests.exceptions.ConnectionError: HTTPConnectionPool(host='localhost', port=3500): Max retries exceeded with url: /v1.0/state/insurance-statestore (Caused by NewConnectionError('&lt;urllib3.connection.HTTPConnection object at 0x7f58e07d9990&gt;: Failed to establish a new connection: [Errno 111] Connection refused'))">E   ConnectionRefusedError: [Errno 111] Connection refused

The above exception was the direct cause of the following exception:
E   urllib3.exceptions.NewConnectionError: &lt;urllib3.connection.HTTPConnection object at 0x7f58e07d9990&gt;: Failed to establish a new connection: [Errno 111] Connection refused

The above exception was the direct cause of the following exception:
E   urllib3.exceptions.MaxRetryError: HTTPConnectionPool(host='localhost', port=3500): Max retries exceeded with url: /v1.0/state/insurance-statestore (Caused by NewConnectionError('&lt;urllib3.connection.HTTPConnection object at 0x7f58e07d9990&gt;: Failed to establish a new connection: [Errno 111] Connection refused'))

During handling of the above exception, another exception occurred:
E   requests.exceptions.ConnectionError: HTTPConnectionPool(host='localhost', port=3500): Max retries exceeded with url: /v1.0/state/insurance-statestore (Caused by NewConnectionError('&lt;urllib3.connection.HTTPConnection object at 0x7f58e07d9990&gt;: Failed to establish a new connection: [Errno 111] Connection refused'))</failure></testcase><testcase classname="integration.test_integration.TestTigerBeetleIntegration" name="test_account_creation" time="0.002"><failure message="assert 404 in (200, 201, 409)&#10; +  where 404 = &lt;Response [404]&gt;.status_code">E   assert 404 in (200, 201, 409)
     +  where 404 = &lt;Response [404]&gt;.status_code</failure></testcase><testcase classname="integration.test_integration.TestTigerBeetleIntegration" name="test_transfer_creation" time="0.002"><failure message="assert 404 in (200, 201, 400)&#10; +  where 404 = &lt;Response [404]&gt;.status_code">E   assert 404 in (200, 201, 400)
     +  where 404 = &lt;Response [404]&gt;.status_code</failure></testcase><testcase classname="integration.test_integration.TestTigerBeetleIntegration" name="test_account_balance_query" time="0.002" /><testcase classname="integration.test_integration.TestAuthorizationChain" name="test_keycloak_token_introspection" time="0.002"><failure message="assert 401 == 200&#10; +  where 401 = &lt;Response [401]&gt;.status_code">E   assert 401 == 200
     +  where 401 = &lt;Response [401]&gt;.status_code</failure></testcase><testcase classname="integration.test_integration.TestAuthorizationChain" name="test_permify_health" time="0.002" /><testcase classname="integration.test_integration.TestAuthorizationChain" name="test_permify_permission_check" time="0.002" /><testcase classname="integration.test_integration.TestAPISIXIntegration" name="test_apisix_status" time="0.002"><failure message="assert 401 in (200, 404)&#10; +  where 401 = &lt;Response [401]&gt;.status_code">E   assert 401 in (200, 404)
     +  where 401 = &lt;Response [401]&gt;.status_code</failure></testcase><testcase classname="integration.test_integration.TestAPISIXIntegration" name="test_rate_limiting_headers" time="0.002"><skipped type="pytest.skip" message="Rate limit headers not exposed by gateway">/home/ubuntu/platform_complete/unified-insurance-platform/tests/integration/test_integration.py:348: Rate limit headers not exposed by gateway</skipped></testcase><testcase classname="integration.test_integration.TestAPISIXIntegration" name="test_jwt_validation_via_apisix" time="0.002" /><testcase classname="integration.test_integration.TestAPISIXIntegration" name="test_cors_headers" time="0.002" /><testcase classname="integration.test_integration.TestLakehouseIntegration" name="test_trino_connectivity" time="0.000"><skipped type="pytest.skip" message="trino not installed">/home/ubuntu/platform_complete/unified-insurance-platform/tests/integration/test_integration.py:390: trino not installed</skipped></testcase><testcase classname="integration.test_integration.TestLakehouseIntegration" name="test_iceberg_table_exists" time="0.000"><skipped type="pytest.skip" message="trino not installed">/home/ubuntu/platform_complete/unified-insurance-platform/tests/integration/test_integration.py:413: trino not installed</skipped></testcase><testcase classname="integration.test_integration.TestLakehouseIntegration" name="test_data_ingestion_pipeline" time="30.003"><skipped type="pytest.skip" message="trino not installed">/home/ubuntu/platform_complete/unified-insurance-platform/tests/integration/test_integration.py:452: trino not installed</skipped></testcase><testcase classname="integration.test_integration.TestOpenIMISIntegration" name="test_openimis_health" time="0.002" /><testcase classname="integration.test_integration.TestOpenIMISIntegration" name="test_policy_sync_bidirectional" time="0.004" /><testcase classname="integration.test_integration.TestOpenIMISIntegration" name="test_claims_loss_ratio_calculation" time="0.002" /><testcase classname="integration.test_integration.TestEndToEndWorkflows" name="test_full_policy_lifecycle" time="0.008" /><testcase classname="integration.test_integration.TestEndToEndWorkflows" name="test_fraud_detection_blocks_suspicious_claim" time="0.003" /><testcase classname="security.test_security.TestSQLInjection" name="test_sql_injection_in_policy_id[' OR '1'='1]" time="0.004" /><testcase classname="security.test_security.TestSQLInjection" name="test_sql_injection_in_policy_id['; DROP TABLE policies; --]" time="0.002" /><testcase classname="security.test_security.TestSQLInjection" name="test_sql_injection_in_policy_id[1 UNION SELECT * FROM users --]" time="0.002" /><testcase classname="security.test_security.TestSQLInjection" name="test_sql_injection_in_policy_id[' OR 1=1 --]" time="0.002" /><testcase classname="security.test_security.TestSQLInjection" name="test_sql_injection_in_policy_id[admin'--]" time="0.002" /><testcase classname="security.test_security.TestSQLInjection" name="test_sql_injection_in_policy_id[1; SELECT * FROM information_schema.tables]" time="0.002" /><testcase classname="security.test_security.TestSQLInjection" name="test_sql_injection_in_policy_id[' UNION SELECT NULL, NULL, NULL --]" time="0.002" /><testcase classname="security.test_security.TestSQLInjection" name="test_sql_injection_in_policy_id[1 OR 1=1]" time="0.002" /><testcase classname="security.test_security.TestSQLInjection" name="test_sql_injection_in_policy_id[' OR 'x'='x]" time="0.002" /><testcase classname="security.test_security.TestSQLInjection" name="test_sql_injection_in_policy_id[1'; EXEC xp_cmdshell('whoami'); --]" time="0.002" /><testcase classname="security.test_security.TestSQLInjection" name="test_sql_injection_in_search_params[' OR '1'='1]" time="0.002" /><testcase classname="security.test_security.TestSQLInjection" name="test_sql_injection_in_search_params['; DROP TABLE policies; --]" time="0.002" /><testcase classname="security.test_security.TestSQLInjection" name="test_sql_injection_in_search_params[1 UNION SELECT * FROM users --]" time="0.002" /><testcase classname="security.test_security.TestSQLInjection" name="test_sql_injection_in_search_params[' OR 1=1 --]" time="0.002" /><testcase classname="security.test_security.TestSQLInjection" name="test_sql_injection_in_search_params[admin'--]" time="0.002" /><testcase classname="security.test_security.TestSQLInjection" name="test_sql_injection_in_request_body[' OR '1'='1]" time="0.002" /><testcase classname="security.test_security.TestSQLInjection" name="test_sql_injection_in_request_body['; DROP TABLE policies; --]" time="0.002" /><testcase classname="security.test_security.TestSQLInjection" name="test_sql_injection_in_request_body[1 UNION SELECT * FROM users --]" time="0.002" /><testcase classname="security.test_security.TestSQLInjection" name="test_sql_injection_in_request_body[' OR 1=1 --]" time="0.002" /><testcase classname="security.test_security.TestSQLInjection" name="test_sql_injection_in_request_body[admin'--]" time="0.002" /><testcase classname="security.test_security.TestXSS" name="test_xss_in_policy_name[&lt;script&gt;alert('xss')&lt;/script&gt;]" time="0.002" /><testcase classname="security.test_security.TestXSS" name="test_xss_in_policy_name[&lt;img src=x onerror=alert(1)&gt;]" time="0.002" /><testcase classname="security.test_security.TestXSS" name="test_xss_in_policy_name[javascript:alert(1)]" time="0.002" /><testcase classname="security.test_security.TestXSS" name="test_xss_in_policy_name[&lt;svg onload=alert(1)&gt;]" time="0.002" /><testcase classname="security.test_security.TestXSS" name="test_xss_in_policy_name[';alert('xss')//]" time="0.002" /><testcase classname="security.test_security.TestXSS" name="test_xss_in_response_content_type" time="0.002" /><testcase classname="security.test_security.TestXSS" name="test_xss_security_headers" time="0.002" /><testcase classname="security.test_security.TestAuthentication" name="test_no_auth_returns_401" time="0.007" /><testcase classname="security.test_security.TestAuthentication" name="test_invalid_jwt_returns_401" time="0.006" /><testcase classname="security.test_security.TestAuthentication" name="test_jwt_algorithm_none_attack" time="0.002" /><testcase classname="security.test_security.TestAuthentication" name="test_privilege_escalation_user_to_admin" time="0.004" /><testcase classname="security.test_security.TestAuthentication" name="test_idor_prevention" time="0.002" /><testcase classname="security.test_security.TestRateLimiting" name="test_rate_limit_enforced" time="0.196" /><testcase classname="security.test_security.TestRateLimiting" name="test_brute_force_protection_on_auth" time="0.010" /><testcase classname="security.test_security.TestSensitiveDataExposure" name="test_no_sensitive_data_in_error_responses" time="0.002" /><testcase classname="security.test_security.TestSensitiveDataExposure" name="test_passwords_not_in_api_responses" time="0.002" /><testcase classname="security.test_security.TestSensitiveDataExposure" name="test_api_keys_masked_in_responses" time="0.002" /><testcase classname="security.test_security.TestSensitiveDataExposure" name="test_security_headers_present" time="0.002" /><testcase classname="security.test_security.TestSensitiveDataExposure" name="test_no_server_version_disclosure" time="0.002" /><testcase classname="security.test_security.TestInputValidation" name="test_oversized_payload_rejected" time="0.002" /><testcase classname="security.test_security.TestInputValidation" name="test_negative_amounts_rejected" time="0.002" /><testcase classname="security.test_security.TestInputValidation" name="test_future_incident_date_rejected" time="0.002" /><testcase classname="security.test_security.TestInputValidation" name="test_invalid_email_format_rejected" time="0.007" /><testcase classname="security.test_security.TestInputValidation" name="test_path_traversal_rejected" time="0.006" /><testcase classname="security.test_security.TestTLSSecurity" name="test_tls_minimum_version" time="0.002" /><testcase classname="security.test_security.TestTLSSecurity" name="test_http_redirects_to_https" time="0.002" /><testcase classname="security.test_security.TestTLSSecurity" name="test_hsts_header" time="0.001"><skipped type="pytest.skip" message="HTTPS not available in test environment">/home/ubuntu/platform_complete/unified-insurance-platform/tests/security/test_security.py:530: HTTPS not available in test environment</skipped></testcase><testcase classname="security.test_security.TestOpenAppSecWAF" name="test_waf_blocks_sql_injection" time="0.002" /><testcase classname="security.test_security.TestOpenAppSecWAF" name="test_waf_blocks_xss" time="0.002" /><testcase classname="security.test_security.TestOpenAppSecWAF" name="test_waf_allows_legitimate_requests" time="0.004" /><testcase classname="ux.test_stakeholder_ux.TestPolicyholderJourney" name="test_ph_01_view_available_products" time="0.003" /><testcase classname="ux.test_stakeholder_ux.TestPolicyholderJourney" name="test_ph_02_get_premium_quote" time="0.002" /><testcase classname="ux.test_stakeholder_ux.TestPolicyholderJourney" name="test_ph_03_enroll_in_policy" time="0.002" /><testcase classname="ux.test_stakeholder_ux.TestPolicyholderJourney" name="test_ph_04_pay_premium" time="0.003" /><testcase classname="ux.test_stakeholder_ux.TestPolicyholderJourney" name="test_ph_05_submit_claim" time="0.004" /><testcase classname="ux.test_stakeholder_ux.TestPolicyholderJourney" name="test_ph_06_track_claim_status" time="0.002" /><testcase classname="ux.test_stakeholder_ux.TestPolicyholderJourney" name="test_ph_07_view_policy_documents" time="0.003" /><testcase classname="ux.test_stakeholder_ux.TestPolicyholderJourney" name="test_ph_08_view_payment_history" time="0.002" /><testcase classname="ux.test_stakeholder_ux.TestPolicyholderJourney" name="test_ph_09_referral_program" time="0.002" /><testcase classname="ux.test_stakeholder_ux.TestPolicyholderJourney" name="test_ph_10_notification_preferences" time="0.002" /><testcase classname="ux.test_stakeholder_ux.TestClaimsAdjudicatorJourney" name="test_ca_01_view_pending_claims_queue" time="0.002" /><testcase classname="ux.test_stakeholder_ux.TestClaimsAdjudicatorJourney" name="test_ca_02_review_claim_details" time="0.003" /><testcase classname="ux.test_stakeholder_ux.TestClaimsAdjudicatorJourney" name="test_ca_03_approve_claim" time="0.006" /><testcase classname="ux.test_stakeholder_ux.TestClaimsAdjudicatorJourney" name="test_ca_04_reject_claim_with_reason" time="0.005" /><testcase classname="ux.test_stakeholder_ux.TestClaimsAdjudicatorJourney" name="test_ca_05_view_fraud_score_during_adjudication" time="0.002" /><testcase classname="ux.test_stakeholder_ux.TestUnderwriterJourney" name="test_uw_01_assess_new_application" time="0.002" /><testcase classname="ux.test_stakeholder_ux.TestUnderwriterJourney" name="test_uw_02_view_premium_rate_tables" time="0.002" /><testcase classname="ux.test_stakeholder_ux.TestUnderwriterJourney" name="test_uw_03_update_risk_factor" time="0.003" /><testcase classname="ux.test_stakeholder_ux.TestUnderwriterJourney" name="test_uw_04_view_loss_ratio_analytics" time="0.002" /><testcase classname="ux.test_stakeholder_ux.TestBrokerJourney" name="test_br_01_create_api_key" time="0.002" /><testcase classname="ux.test_stakeholder_ux.TestBrokerJourney" name="test_br_02_view_api_usage_metrics" time="0.002" /><testcase classname="ux.test_stakeholder_ux.TestBrokerJourney" name="test_br_03_submit_policy_via_api" time="0.002" /><testcase classname="ux.test_stakeholder_ux.TestBrokerJourney" name="test_br_04_get_telco_credit_score" time="0.002" /><testcase classname="ux.test_stakeholder_ux.TestFinanceAdminJourney" name="test_fa_01_view_payment_reconciliation" time="0.002" /><testcase classname="ux.test_stakeholder_ux.TestFinanceAdminJourney" name="test_fa_02_view_reinsurance_accounting" time="0.002" /><testcase classname="ux.test_stakeholder_ux.TestFinanceAdminJourney" name="test_fa_03_trigger_erpnext_sync" time="0.002" /><testcase classname="ux.test_stakeholder_ux.TestFinanceAdminJourney" name="test_fa_04_view_ledger_balances" time="0.002" /><testcase classname="ux.test_stakeholder_ux.TestComplianceOfficerJourney" name="test_co_01_view_audit_logs" time="0.002" /><testcase classname="ux.test_stakeholder_ux.TestComplianceOfficerJourney" name="test_co_02_view_premium_rate_audit_trail" time="0.002" /><testcase classname="ux.test_stakeholder_ux.TestComplianceOfficerJourney" name="test_co_03_view_fraud_analytics" time="0.002" /><testcase classname="ux.test_stakeholder_ux.TestReinsurerJourney" name="test_ri_01_view_cession_portfolio" time="0.002" /><testcase classname="ux.test_stakeholder_ux.TestReinsurerJourney" name="test_ri_02_view_bordereau" time="0.002" /><testcase classname="ux.test_stakeholder_ux.TestReinsurerJourney" name="test_ri_03_view_settlement_status" time="0.002" /><testcase classname="ux.test_stakeholder_ux.TestAccessibility" name="test_api_supports_json_content_type" time="0.002" /><testcase classname="ux.test_stakeholder_ux.TestAccessibility" name="test_api_pagination_works" time="0.002" /><testcase classname="ux.test_stakeholder_ux.TestAccessibility" name="test_api_sorting_works" time="0.002" /><testcase classname="ux.test_stakeholder_ux.TestAccessibility" name="test_api_filtering_works" time="0.002" /><testcase classname="ux.test_stakeholder_ux.TestAccessibility" name="test_error_messages_are_user_friendly" time="0.004" /></testsuite></testsuites>